0 silly input []
1 silly flags {
1 silly flags   _: [ 'bootstrap' ],
1 silly flags   'reject-cycles': false,
1 silly flags   rejectCycles: false,
1 silly flags   args: []
1 silly flags }
2 verbose rootPath /Users/jonnyburger/react-motion-graphics
3 info version 2.11.0
4 silly existsSync /Users/jonnyburger/react-motion-graphics/VERSION
5 silly initialize attempt
6 silly npmConfig {
6 silly npmConfig   registry: undefined,
6 silly npmConfig   npmClient: undefined,
6 silly npmConfig   npmClientArgs: undefined,
6 silly npmConfig   mutex: undefined
6 silly npmConfig }
7 silly initialize success
8 silly execute attempt
9 info Bootstrapping 3 packages
10 info lifecycle preinstall
11 silly runScript preinstall @jonny/motion-core
12 silly @jonny/motion-core
13 silly runScript preinstall @jonny/motion-renderer
14 silly @jonny/motion-renderer
15 silly runScript preinstall @jonny/motion-cli
16 silly @jonny/motion-cli
17 silly hasMatchingDependency @jonny/motion-cli @jonny/motion-renderer
18 silly hasMatchingDependency @jonny/motion-renderer @jonny/motion-core
19 silly hasDependencyInstalled @jonny/motion-cli execa
20 silly dependencyIsSatisfied [
20 silly dependencyIsSatisfied   'execa',
20 silly dependencyIsSatisfied   '^4.0.2',
20 silly dependencyIsSatisfied   '/Users/jonnyburger/react-motion-graphics/packages/cli/node_modules'
20 silly dependencyIsSatisfied ]
21 verbose dependencyIsSatisfied execa true
22 silly hasDependencyInstalled @jonny/motion-renderer execa
23 silly dependencyIsSatisfied [
23 silly dependencyIsSatisfied   'execa',
23 silly dependencyIsSatisfied   '^4.0.2',
23 silly dependencyIsSatisfied   '/Users/jonnyburger/react-motion-graphics/packages/renderer/node_modules'
23 silly dependencyIsSatisfied ]
24 verbose dependencyIsSatisfied execa true
25 silly hasDependencyInstalled @jonny/motion-cli typescript
26 silly dependencyIsSatisfied [
26 silly dependencyIsSatisfied   'typescript',
26 silly dependencyIsSatisfied   '^3.9.5',
26 silly dependencyIsSatisfied   '/Users/jonnyburger/react-motion-graphics/packages/cli/node_modules'
26 silly dependencyIsSatisfied ]
27 verbose dependencyIsSatisfied typescript true
28 silly hasDependencyInstalled @jonny/motion-core typescript
29 silly dependencyIsSatisfied [
29 silly dependencyIsSatisfied   'typescript',
29 silly dependencyIsSatisfied   '^3.9.5',
29 silly dependencyIsSatisfied   '/Users/jonnyburger/react-motion-graphics/packages/core/node_modules'
29 silly dependencyIsSatisfied ]
30 verbose dependencyIsSatisfied typescript true
31 silly hasDependencyInstalled @jonny/motion-renderer typescript
32 silly dependencyIsSatisfied [
32 silly dependencyIsSatisfied   'typescript',
32 silly dependencyIsSatisfied   '^3.9.5',
32 silly dependencyIsSatisfied   '/Users/jonnyburger/react-motion-graphics/packages/renderer/node_modules'
32 silly dependencyIsSatisfied ]
33 verbose dependencyIsSatisfied typescript true
34 silly hasDependencyInstalled @jonny/motion-cli xns
35 silly dependencyIsSatisfied [
35 silly dependencyIsSatisfied   'xns',
35 silly dependencyIsSatisfied   '^2.0.7',
35 silly dependencyIsSatisfied   '/Users/jonnyburger/react-motion-graphics/packages/cli/node_modules'
35 silly dependencyIsSatisfied ]
36 verbose dependencyIsSatisfied xns true
37 silly hasDependencyInstalled @jonny/motion-renderer xns
38 silly dependencyIsSatisfied [
38 silly dependencyIsSatisfied   'xns',
38 silly dependencyIsSatisfied   '^2.0.7',
38 silly dependencyIsSatisfied   '/Users/jonnyburger/react-motion-graphics/packages/renderer/node_modules'
38 silly dependencyIsSatisfied ]
39 verbose dependencyIsSatisfied xns true
40 silly hasDependencyInstalled @jonny/motion-core @types/node
41 silly dependencyIsSatisfied [
41 silly dependencyIsSatisfied   '@types/node',
41 silly dependencyIsSatisfied   '^14.0.13',
41 silly dependencyIsSatisfied   '/Users/jonnyburger/react-motion-graphics/packages/core/node_modules'
41 silly dependencyIsSatisfied ]
42 verbose dependencyIsSatisfied @types/node true
43 silly hasDependencyInstalled @jonny/motion-renderer @types/puppeteer
44 silly dependencyIsSatisfied [
44 silly dependencyIsSatisfied   '@types/puppeteer',
44 silly dependencyIsSatisfied   '^3.0.0',
44 silly dependencyIsSatisfied   '/Users/jonnyburger/react-motion-graphics/packages/renderer/node_modules'
44 silly dependencyIsSatisfied ]
45 verbose dependencyIsSatisfied @types/puppeteer true
46 silly hasDependencyInstalled @jonny/motion-renderer @types/react
47 silly dependencyIsSatisfied [
47 silly dependencyIsSatisfied   '@types/react',
47 silly dependencyIsSatisfied   '^16.9.38',
47 silly dependencyIsSatisfied   '/Users/jonnyburger/react-motion-graphics/packages/renderer/node_modules'
47 silly dependencyIsSatisfied ]
48 verbose dependencyIsSatisfied @types/react true
49 silly hasDependencyInstalled @jonny/motion-renderer @types/react-dom
50 silly dependencyIsSatisfied [
50 silly dependencyIsSatisfied   '@types/react-dom',
50 silly dependencyIsSatisfied   '^16.9.8',
50 silly dependencyIsSatisfied   '/Users/jonnyburger/react-motion-graphics/packages/renderer/node_modules'
50 silly dependencyIsSatisfied ]
51 verbose dependencyIsSatisfied @types/react-dom true
52 silly hasDependencyInstalled @jonny/motion-renderer @types/webpack
53 silly dependencyIsSatisfied [
53 silly dependencyIsSatisfied   '@types/webpack',
53 silly dependencyIsSatisfied   '^4.41.17',
53 silly dependencyIsSatisfied   '/Users/jonnyburger/react-motion-graphics/packages/renderer/node_modules'
53 silly dependencyIsSatisfied ]
54 verbose dependencyIsSatisfied @types/webpack true
55 silly hasDependencyInstalled @jonny/motion-renderer puppeteer
56 silly dependencyIsSatisfied [
56 silly dependencyIsSatisfied   'puppeteer',
56 silly dependencyIsSatisfied   '^4.0.0',
56 silly dependencyIsSatisfied   '/Users/jonnyburger/react-motion-graphics/packages/renderer/node_modules'
56 silly dependencyIsSatisfied ]
57 verbose dependencyIsSatisfied puppeteer true
58 silly hasDependencyInstalled @jonny/motion-renderer react
59 silly dependencyIsSatisfied [
59 silly dependencyIsSatisfied   'react',
59 silly dependencyIsSatisfied   '^16.13.1',
59 silly dependencyIsSatisfied   '/Users/jonnyburger/react-motion-graphics/packages/renderer/node_modules'
59 silly dependencyIsSatisfied ]
60 verbose dependencyIsSatisfied react true
61 silly hasDependencyInstalled @jonny/motion-renderer react-dom
62 silly dependencyIsSatisfied [
62 silly dependencyIsSatisfied   'react-dom',
62 silly dependencyIsSatisfied   '^16.13.1',
62 silly dependencyIsSatisfied   '/Users/jonnyburger/react-motion-graphics/packages/renderer/node_modules'
62 silly dependencyIsSatisfied ]
63 verbose dependencyIsSatisfied react-dom true
64 silly hasDependencyInstalled @jonny/motion-renderer webpack
65 silly dependencyIsSatisfied [
65 silly dependencyIsSatisfied   'webpack',
65 silly dependencyIsSatisfied   '^4.43.0',
65 silly dependencyIsSatisfied   '/Users/jonnyburger/react-motion-graphics/packages/renderer/node_modules'
65 silly dependencyIsSatisfied ]
66 verbose dependencyIsSatisfied webpack true
67 silly root dependencies []
68 silly leaf dependencies {
68 silly leaf dependencies   "@jonny/motion-cli": [
68 silly leaf dependencies     {
68 silly leaf dependencies       "dependency": "execa@^4.0.2",
68 silly leaf dependencies       "isSatisfied": true
68 silly leaf dependencies     },
68 silly leaf dependencies     {
68 silly leaf dependencies       "dependency": "typescript@^3.9.5",
68 silly leaf dependencies       "isSatisfied": true
68 silly leaf dependencies     },
68 silly leaf dependencies     {
68 silly leaf dependencies       "dependency": "xns@^2.0.7",
68 silly leaf dependencies       "isSatisfied": true
68 silly leaf dependencies     }
68 silly leaf dependencies   ],
68 silly leaf dependencies   "@jonny/motion-renderer": [
68 silly leaf dependencies     {
68 silly leaf dependencies       "dependency": "execa@^4.0.2",
68 silly leaf dependencies       "isSatisfied": true
68 silly leaf dependencies     },
68 silly leaf dependencies     {
68 silly leaf dependencies       "dependency": "typescript@^3.9.5",
68 silly leaf dependencies       "isSatisfied": true
68 silly leaf dependencies     },
68 silly leaf dependencies     {
68 silly leaf dependencies       "dependency": "xns@^2.0.7",
68 silly leaf dependencies       "isSatisfied": true
68 silly leaf dependencies     },
68 silly leaf dependencies     {
68 silly leaf dependencies       "dependency": "@types/puppeteer@^3.0.0",
68 silly leaf dependencies       "isSatisfied": true
68 silly leaf dependencies     },
68 silly leaf dependencies     {
68 silly leaf dependencies       "dependency": "@types/react@^16.9.38",
68 silly leaf dependencies       "isSatisfied": true
68 silly leaf dependencies     },
68 silly leaf dependencies     {
68 silly leaf dependencies       "dependency": "@types/react-dom@^16.9.8",
68 silly leaf dependencies       "isSatisfied": true
68 silly leaf dependencies     },
68 silly leaf dependencies     {
68 silly leaf dependencies       "dependency": "@types/webpack@^4.41.17",
68 silly leaf dependencies       "isSatisfied": true
68 silly leaf dependencies     },
68 silly leaf dependencies     {
68 silly leaf dependencies       "dependency": "puppeteer@^4.0.0",
68 silly leaf dependencies       "isSatisfied": true
68 silly leaf dependencies     },
68 silly leaf dependencies     {
68 silly leaf dependencies       "dependency": "react@^16.13.1",
68 silly leaf dependencies       "isSatisfied": true
68 silly leaf dependencies     },
68 silly leaf dependencies     {
68 silly leaf dependencies       "dependency": "react-dom@^16.13.1",
68 silly leaf dependencies       "isSatisfied": true
68 silly leaf dependencies     },
68 silly leaf dependencies     {
68 silly leaf dependencies       "dependency": "webpack@^4.43.0",
68 silly leaf dependencies       "isSatisfied": true
68 silly leaf dependencies     }
68 silly leaf dependencies   ],
68 silly leaf dependencies   "@jonny/motion-core": [
68 silly leaf dependencies     {
68 silly leaf dependencies       "dependency": "typescript@^3.9.5",
68 silly leaf dependencies       "isSatisfied": true
68 silly leaf dependencies     },
68 silly leaf dependencies     {
68 silly leaf dependencies       "dependency": "@types/node@^14.0.13",
68 silly leaf dependencies       "isSatisfied": true
68 silly leaf dependencies     }
68 silly leaf dependencies   ]
68 silly leaf dependencies }
69 info Symlinking packages and binaries
70 silly existsSync /Users/jonnyburger/react-motion-graphics/packages/renderer/package.json
71 silly hasMatchingDependency @jonny/motion-cli @jonny/motion-renderer
72 silly existsSync /Users/jonnyburger/react-motion-graphics/packages/cli/node_modules/@jonny/motion-renderer
73 silly isSymlink /Users/jonnyburger/react-motion-graphics/packages/cli/node_modules/@jonny/motion-renderer
74 verbose isSymlink [
74 verbose isSymlink   '/Users/jonnyburger/react-motion-graphics/packages/cli/node_modules/@jonny/motion-renderer',
74 verbose isSymlink   '/Users/jonnyburger/react-motion-graphics/packages/renderer'
74 verbose isSymlink ]
75 silly existsSync /Users/jonnyburger/react-motion-graphics/packages/core/package.json
76 silly hasMatchingDependency @jonny/motion-renderer @jonny/motion-core
77 silly existsSync /Users/jonnyburger/react-motion-graphics/packages/renderer/node_modules/@jonny/motion-core
78 silly isSymlink /Users/jonnyburger/react-motion-graphics/packages/renderer/node_modules/@jonny/motion-core
79 verbose isSymlink [
79 verbose isSymlink   '/Users/jonnyburger/react-motion-graphics/packages/renderer/node_modules/@jonny/motion-core',
79 verbose isSymlink   '/Users/jonnyburger/react-motion-graphics/packages/core'
79 verbose isSymlink ]
80 silly mkdirp /Users/jonnyburger/react-motion-graphics/packages/cli/node_modules/@jonny
81 silly symlink [
81 silly symlink   '/Users/jonnyburger/react-motion-graphics/packages/renderer',
81 silly symlink   '/Users/jonnyburger/react-motion-graphics/packages/cli/node_modules/@jonny/motion-renderer',
81 silly symlink   'junction'
81 silly symlink ]
82 silly createSymbolicLink [
82 silly createSymbolicLink   '../../../renderer',
82 silly createSymbolicLink   '/Users/jonnyburger/react-motion-graphics/packages/cli/node_modules/@jonny/motion-renderer',
82 silly createSymbolicLink   'junction'
82 silly createSymbolicLink ]
83 silly packageActions finished @jonny/motion-cli
84 silly packageActions finished @jonny/motion-core
85 silly mkdirp /Users/jonnyburger/react-motion-graphics/packages/renderer/node_modules/@jonny
86 silly symlink [
86 silly symlink   '/Users/jonnyburger/react-motion-graphics/packages/core',
86 silly symlink   '/Users/jonnyburger/react-motion-graphics/packages/renderer/node_modules/@jonny/motion-core',
86 silly symlink   'junction'
86 silly symlink ]
87 silly createSymbolicLink [
87 silly createSymbolicLink   '../../../core',
87 silly createSymbolicLink   '/Users/jonnyburger/react-motion-graphics/packages/renderer/node_modules/@jonny/motion-core',
87 silly createSymbolicLink   'junction'
87 silly createSymbolicLink ]
88 silly packageActions finished @jonny/motion-renderer
89 info lifecycle postinstall
90 silly runScript postinstall @jonny/motion-core
91 silly @jonny/motion-core
92 silly runScript postinstall @jonny/motion-renderer
93 silly @jonny/motion-renderer
94 silly runScript postinstall @jonny/motion-cli
95 silly @jonny/motion-cli
96 info lifecycle prepublish
97 silly runScript prepublish @jonny/motion-core
98 silly @jonny/motion-core
99 silly runScript prepublish @jonny/motion-renderer
100 silly @jonny/motion-renderer
101 silly runScript prepublish @jonny/motion-cli
102 silly @jonny/motion-cli
103 info lifecycle prepare
104 silly runScript prepare @jonny/motion-core
105 silly runScriptInDir prepare [] core
106 silly getExecOpts { cwd: '/Users/jonnyburger/react-motion-graphics/packages/core' }
107 silly @jonny/motion-core
108 silly runScript prepare @jonny/motion-renderer
109 silly runScriptInDir prepare [] renderer
110 silly getExecOpts { cwd: '/Users/jonnyburger/react-motion-graphics/packages/renderer' }
111 silly @jonny/motion-renderer
112 silly runScript prepare @jonny/motion-cli
113 silly runScriptInDir prepare [] cli
114 silly getExecOpts { cwd: '/Users/jonnyburger/react-motion-graphics/packages/cli' }
115 silly @jonny/motion-cli
116 error execute Error occured with '@jonny/motion-cli' while running 'npm run prepare'
117 error npm run prepare [@jonny/motion-cli] Output from stdout:
118 error npm run prepare [@jonny/motion-cli] Output from stderr:
119 error execute Error occured with '@jonny/motion-cli' while running 'npm run prepare'
